<?xml version="1.0" encoding="UTF-8"?>
<!-- Generated by org.testng.reporters.JUnitXMLReporter -->
<testsuite ignored="0" hostname="DESKTOP-50A2D6B" failures="0" tests="8" name="Default test" time="31.813" errors="0" timestamp="2025-09-08T17:17:30 IST">
  <testcase classname="testngExample.Main" name="testBlogsLinkNavigation" time="0.325"/>
  <testcase classname="testngExample.Main" name="testCssSelectorBadge" time="0.055"/>
  <testcase classname="testngExample.Main" name="testImageAltAttribute" time="0.031"/>
  <testcase classname="testngExample.Main" name="testPageTitle" time="0.012"/>
  <testcase classname="testngExample.Main" name="testPopupOrSameTabNavigation" time="0.887"/>
  <testcase classname="testngExample.Main" name="testRoleBasedLocator" time="0.003"/>
  <testcase classname="testngExample.Main" name="testTextBasedLocator" time="0.193"/>
  <testcase classname="testngExample.Main" name="testXPathLocator" time="0.033"/>
</testsuite> <!-- Default test -->
