<?xml version="1.0" encoding="UTF-8"?>
<!-- Generated by org.testng.reporters.JUnitXMLReporter -->
<testsuite ignored="0" hostname="DESKTOP-50A2D6B" failures="0" tests="9" name="Test" time="76.25" errors="0" timestamp="2025-09-08T16:40:29 IST">
  <testcase classname="testngExample.GetRolemethod" name="mainTest" time="21.052"/>
  <testcase classname="testngExample.Main" name="testBlogsLinkNavigation" time="0.434"/>
  <testcase classname="testngExample.Main" name="testCssSelectorBadge" time="0.104"/>
  <testcase classname="testngExample.Main" name="testImageAltAttribute" time="0.063"/>
  <testcase classname="testngExample.Main" name="testPageTitle" time="0.018"/>
  <testcase classname="testngExample.Main" name="testPopupOrSameTabNavigation" time="0.971"/>
  <testcase classname="testngExample.Main" name="testRoleBasedLocator" time="0.005"/>
  <testcase classname="testngExample.Main" name="testTextBasedLocator" time="0.414"/>
  <testcase classname="testngExample.Main" name="testXPathLocator" time="0.087"/>
</testsuite> <!-- Test -->
