<?xml version="1.0" encoding="UTF-8"?>
<testng-results ignored="0" total="2" passed="2" failed="0" skipped="0">
  <reporter-output>
  </reporter-output>
  <suite started-at="2025-09-08T18:23:40 IST" name="Default suite" finished-at="2025-09-08T18:23:56 IST" duration-ms="15919">
    <groups>
    </groups>
    <test started-at="2025-09-08T18:23:40 IST" name="Default test" finished-at="2025-09-08T18:23:56 IST" duration-ms="15919">
      <class name="testngExample.MainWithCsvReport">
        <test-method is-config="true" signature="setupClass()[pri:0, instance:testngExample.MainWithCsvReport@313ac989]" started-at="2025-09-08T18:23:40 IST" name="setupClass" finished-at="2025-09-08T18:23:50 IST" duration-ms="10302" status="PASS">
          <reporter-output>
          </reporter-output>
        </test-method> <!-- setupClass -->
        <test-method is-config="true" signature="setupTest()[pri:0, instance:testngExample.MainWithCsvReport@313ac989]" started-at="2025-09-08T18:23:50 IST" name="setupTest" finished-at="2025-09-08T18:23:53 IST" duration-ms="3186" status="PASS">
          <reporter-output>
          </reporter-output>
        </test-method> <!-- setupTest -->
        <test-method signature="testPageTitle()[pri:0, instance:testngExample.MainWithCsvReport@313ac989]" started-at="2025-09-08T18:23:53 IST" name="testPageTitle" finished-at="2025-09-08T18:23:53 IST" duration-ms="55" status="PASS">
          <reporter-output>
          </reporter-output>
        </test-method> <!-- testPageTitle -->
        <test-method is-config="true" signature="tearDownTest()[pri:0, instance:testngExample.MainWithCsvReport@313ac989]" started-at="2025-09-08T18:23:53 IST" name="tearDownTest" finished-at="2025-09-08T18:23:53 IST" duration-ms="89" status="PASS">
          <reporter-output>
          </reporter-output>
        </test-method> <!-- tearDownTest -->
        <test-method is-config="true" signature="setupTest()[pri:0, instance:testngExample.MainWithCsvReport@313ac989]" started-at="2025-09-08T18:23:53 IST" name="setupTest" finished-at="2025-09-08T18:23:55 IST" duration-ms="1911" status="PASS">
          <reporter-output>
          </reporter-output>
        </test-method> <!-- setupTest -->
        <test-method signature="testRoleBasedLocator()[pri:0, instance:testngExample.MainWithCsvReport@313ac989]" started-at="2025-09-08T18:23:55 IST" name="testRoleBasedLocator" finished-at="2025-09-08T18:23:55 IST" duration-ms="7" status="PASS">
          <reporter-output>
          </reporter-output>
        </test-method> <!-- testRoleBasedLocator -->
        <test-method is-config="true" signature="tearDownTest()[pri:0, instance:testngExample.MainWithCsvReport@313ac989]" started-at="2025-09-08T18:23:55 IST" name="tearDownTest" finished-at="2025-09-08T18:23:55 IST" duration-ms="71" status="PASS">
          <reporter-output>
          </reporter-output>
        </test-method> <!-- tearDownTest -->
        <test-method is-config="true" signature="tearDownClass()[pri:0, instance:testngExample.MainWithCsvReport@313ac989]" started-at="2025-09-08T18:23:55 IST" name="tearDownClass" finished-at="2025-09-08T18:23:56 IST" duration-ms="246" status="PASS">
          <reporter-output>
          </reporter-output>
        </test-method> <!-- tearDownClass -->
      </class> <!-- testngExample.MainWithCsvReport -->
    </test> <!-- Default test -->
  </suite> <!-- Default suite -->
</testng-results>
